2025-04-09 09:03:15,091 - __main__ - INFO - Model, vectorizer, and label encoder loaded successfully
2025-04-09 09:03:18,673 - __main__ - INFO - Model, vectorizer, and label encoder loaded successfully
2025-04-09 09:03:26,324 - __main__ - INFO - User Input: python
2025-04-09 09:03:26,330 - __main__ - INFO - Vectorized Input Shape: (1, 40)
2025-04-09 09:03:26,334 - __main__ - INFO - Predicted Label: 0
2025-04-09 09:03:26,339 - __main__ - INFO - Suggested Career: Backend Developer
2025-04-09 09:03:35,459 - __main__ - INFO - User admin logged in successfully
2025-04-09 09:03:49,097 - __main__ - INFO - User Input: Python
2025-04-09 09:03:49,101 - __main__ - INFO - Vectorized Input Shape: (1, 40)
2025-04-09 09:03:49,106 - __main__ - INFO - Predicted Label: 0
2025-04-09 09:03:49,110 - __main__ - INFO - Suggested Career: Backend Developer
2025-04-09 09:04:10,301 - __main__ - INFO - Model, vectorizer, and label encoder loaded successfully
2025-04-09 09:04:12,188 - __main__ - INFO - User Input: Python
2025-04-09 09:04:12,191 - __main__ - INFO - Vectorized Input Shape: (1, 40)
2025-04-09 09:04:12,194 - __main__ - INFO - Predicted Label: 0
2025-04-09 09:04:12,196 - __main__ - INFO - Suggested Career: Backend Developer
2025-04-09 09:04:14,265 - __main__ - INFO - User Input: Python
2025-04-09 09:04:14,267 - __main__ - INFO - Vectorized Input Shape: (1, 40)
2025-04-09 09:04:14,269 - __main__ - INFO - Predicted Label: 0
2025-04-09 09:04:14,270 - __main__ - INFO - Suggested Career: Backend Developer
2025-04-09 09:04:20,913 - __main__ - INFO - User admin logged in successfully
2025-04-09 09:04:33,313 - __main__ - INFO - User Input: python
2025-04-09 09:04:33,317 - __main__ - INFO - Vectorized Input Shape: (1, 40)
2025-04-09 09:04:33,323 - __main__ - INFO - Predicted Label: 0
2025-04-09 09:04:33,325 - __main__ - INFO - Suggested Career: Backend Developer
2025-04-09 09:06:14,474 - __main__ - INFO - User admin logged in successfully
2025-04-09 09:06:32,436 - __main__ - INFO - User Input: python programming
2025-04-09 09:06:32,441 - __main__ - INFO - Vectorized Input Shape: (1, 40)
2025-04-09 09:06:32,444 - __main__ - INFO - Predicted Label: 0
2025-04-09 09:06:32,447 - __main__ - INFO - Suggested Career: Backend Developer
2025-04-09 09:08:19,555 - __main__ - INFO - Model, vectorizer, and label encoder loaded successfully
2025-04-09 09:08:22,470 - __main__ - INFO - Model, vectorizer, and label encoder loaded successfully
2025-04-09 09:08:27,959 - __main__ - INFO - User admin logged in successfully
2025-04-09 09:08:41,374 - __main__ - INFO - User Input: Python
2025-04-09 09:08:41,380 - __main__ - INFO - Vectorized Input Shape: (1, 40)
2025-04-09 09:08:41,385 - __main__ - INFO - Predicted Label: 0
2025-04-09 09:08:41,388 - __main__ - INFO - Suggested Career: Backend Developer
2025-04-09 09:12:00,561 - __main__ - INFO - Model, vectorizer, and label encoder loaded successfully
2025-04-09 09:12:52,204 - __main__ - INFO - Model, vectorizer, and label encoder loaded successfully
2025-04-09 09:13:58,390 - __main__ - INFO - Model, vectorizer, and label encoder loaded successfully
2025-04-09 09:14:01,731 - __main__ - INFO - Model, vectorizer, and label encoder loaded successfully
2025-04-09 09:14:18,121 - __main__ - INFO - User Input: Python
2025-04-09 09:14:18,128 - __main__ - INFO - Vectorized Input Shape: (1, 40)
2025-04-09 09:14:18,132 - __main__ - INFO - Predicted Label: 0
2025-04-09 09:14:18,135 - __main__ - INFO - Suggested Career: Backend Developer
2025-04-09 09:15:38,537 - __main__ - INFO - Model, vectorizer, and label encoder loaded successfully
2025-04-09 09:15:41,051 - __main__ - INFO - Model, vectorizer, and label encoder loaded successfully
2025-04-09 09:19:11,132 - __main__ - INFO - Model, vectorizer, and label encoder loaded successfully
2025-04-09 09:19:17,338 - __main__ - INFO - Model, vectorizer, and label encoder loaded successfully
2025-04-09 09:20:59,587 - __main__ - INFO - Model, vectorizer, and label encoder loaded successfully
2025-04-09 09:21:01,880 - __main__ - INFO - Model, vectorizer, and label encoder loaded successfully
2025-04-09 09:21:08,960 - __main__ - INFO - User admin logged in successfully
2025-04-09 09:21:49,848 - __main__ - INFO - User Input: python programming
2025-04-09 09:21:49,854 - __main__ - INFO - Vectorized Input Shape: (1, 40)
2025-04-09 09:21:49,859 - __main__ - INFO - Predicted Label: 0
2025-04-09 09:21:49,863 - __main__ - INFO - Suggested Career: Backend Developer
2025-04-09 09:22:36,806 - __main__ - INFO - Model, vectorizer, and label encoder loaded successfully
2025-04-09 09:23:00,550 - __main__ - INFO - User admin logged in successfully
2025-04-09 09:23:58,942 - __main__ - INFO - Model, vectorizer, and label encoder loaded successfully
2025-04-09 09:24:27,527 - __main__ - INFO - Model, vectorizer, and label encoder loaded successfully
2025-04-09 09:24:30,683 - __main__ - INFO - Model, vectorizer, and label encoder loaded successfully
2025-04-09 09:24:40,025 - __main__ - INFO - User admin logged in successfully
2025-04-09 09:24:55,711 - __main__ - INFO - User Input: Python Programming
2025-04-09 09:24:55,718 - __main__ - INFO - Vectorized Input Shape: (1, 40)
2025-04-09 09:24:55,723 - __main__ - INFO - Predicted Label: 0
2025-04-09 09:24:55,727 - __main__ - INFO - Suggested Career: Backend Developer
2025-04-09 09:27:31,927 - __main__ - INFO - Model, vectorizer, and label encoder loaded successfully
2025-04-09 09:27:34,990 - __main__ - INFO - Model, vectorizer, and label encoder loaded successfully
2025-04-09 09:27:46,552 - __main__ - INFO - User admin logged in successfully
2025-04-09 09:28:01,151 - __main__ - INFO - User Input: Python Programming
2025-04-09 09:28:01,157 - __main__ - INFO - Vectorized Input Shape: (1, 40)
2025-04-09 09:28:01,161 - __main__ - INFO - Predicted Label: 0
2025-04-09 09:28:01,166 - __main__ - INFO - Suggested Career: Backend Developer
2025-04-09 09:28:35,448 - __main__ - INFO - User Input: Python programming
2025-04-09 09:28:35,452 - __main__ - INFO - Vectorized Input Shape: (1, 40)
2025-04-09 09:28:35,456 - __main__ - INFO - Predicted Label: 0
2025-04-09 09:28:35,458 - __main__ - INFO - Suggested Career: Backend Developer
2025-04-09 09:55:06,952 - __main__ - INFO - Model, vectorizer, and label encoder loaded successfully
2025-04-09 09:55:14,407 - __main__ - INFO - Model, vectorizer, and label encoder loaded successfully
2025-04-09 09:58:20,858 - __main__ - INFO - Model, vectorizer, and label encoder loaded successfully
2025-04-09 09:58:23,585 - __main__ - INFO - Model, vectorizer, and label encoder loaded successfully
2025-04-09 09:58:38,716 - __main__ - INFO - User admin logged in successfully
2025-04-09 10:02:07,619 - __main__ - INFO - Model, vectorizer, and label encoder loaded successfully
2025-04-09 10:03:03,034 - __main__ - INFO - Model, vectorizer, and label encoder loaded successfully
2025-04-09 10:03:05,674 - __main__ - INFO - Model, vectorizer, and label encoder loaded successfully
